2019-08-08 10:53:50,961 Starting new HTTPS connection (1): login.bol.com:443
2019-08-08 10:53:51,639 Starting new HTTPS connection (1): login.bol.com:443
2019-08-08 10:53:51,858 https://login.bol.com:443 "POST /token?grant_type=client_credentials HTTP/1.1" 200 None
2019-08-08 10:53:51,863 [Success] Bearer token obtained
2019-08-08 10:53:52,315 https://login.bol.com:443 "POST /token?grant_type=client_credentials HTTP/1.1" 200 None
2019-08-08 10:53:52,338 [Success] Bearer token obtained
2019-08-08 10:53:57,980 <generator object DataFrame.iterrows at 0x0E256EF0>
2019-08-08 10:54:01,624 Found 11 matching Ids
2019-08-08 10:54:01,628    orderItemId cancelRequest     orderId countryCode Courier         track
0   2282759344         False  2474446160          NL     GLS  352559702331
1   2282759344         False  2474446160          NL     GLS  352559702430
3   2282755881         False  2462339840          BE  DPD-BE  352559702454
8   2282722320         False  2474313770          BE     GLS  352559702447
20  2282639548         False  2474020360          NL  DPD-NL  352559702478
2019-08-08 10:54:01,654 127.0.0.1 - - [08/Aug/2019 10:54:01] "POST /uploader HTTP/1.1" 200 -
2019-08-08 10:54:29,568  * Detected change in 'C:\\Users\\Mister Sandman\\Desktop\\Tasks\\bolcom track\\server\\api\\backend\\excelHandler.py', reloading
2019-08-08 10:54:29,631  * Restarting with stat
2019-08-08 10:54:30,663 Starting new HTTPS connection (1): login.bol.com:443
2019-08-08 10:54:30,931 https://login.bol.com:443 "POST /token?grant_type=client_credentials HTTP/1.1" 200 None
2019-08-08 10:54:30,936 [Success] Bearer token obtained
2019-08-08 10:54:34,836  * Detected change in 'C:\\Users\\Mister Sandman\\Desktop\\Tasks\\bolcom track\\server\\api\\backend\\excelHandler.py', reloading
2019-08-08 10:54:34,896  * Restarting with stat
2019-08-08 10:55:33,693 Starting new HTTPS connection (1): login.bol.com:443
2019-08-08 10:55:33,883 https://login.bol.com:443 "POST /token?grant_type=client_credentials HTTP/1.1" 200 None
2019-08-08 10:55:33,884 [Success] Bearer token obtained
2019-08-08 10:55:34,416 Starting new HTTPS connection (1): login.bol.com:443
2019-08-08 10:55:34,632 https://login.bol.com:443 "POST /token?grant_type=client_credentials HTTP/1.1" 200 None
2019-08-08 10:55:34,637 [Success] Bearer token obtained
2019-08-08 10:55:41,728 <generator object DataFrame.iterrows at 0x0E0D3130>
2019-08-08 10:55:45,331 Found 11 matching Ids
2019-08-08 10:55:45,334    orderItemId cancelRequest     orderId countryCode Courier         track
0   2282759344         False  2474446160          NL     GLS  352559702331
1   2282759344         False  2474446160          NL     GLS  352559702430
3   2282755881         False  2462339840          BE  DPD-BE  352559702454
8   2282722320         False  2474313770          BE     GLS  352559702447
20  2282639548         False  2474020360          NL  DPD-NL  352559702478
2019-08-08 10:55:45,363 127.0.0.1 - - [08/Aug/2019 10:55:45] "POST /uploader HTTP/1.1" 200 -
2019-08-08 10:55:51,739 [PUT] Adding transport information with
2019-08-08 10:55:51,739   orderItemId cancelRequest     orderId countryCode Courier         track
0  2282759344         False  2474446160          NL     GLS  352559702331
1  2282759344         False  2474446160          NL     GLS  352559702430
2  2282755881         False  2462339840          BE  DPD-BE  352559702454
3  2282722320         False  2474313770          BE     GLS  352559702447
4  2282639548         False  2474020360          NL  DPD-NL  352559702478
2019-08-08 10:55:51,748 (0, orderItemId        2282759344
cancelRequest           False
orderId            2474446160
countryCode                NL
Courier                   GLS
track            352559702331
Name: 0, dtype: object)
2019-08-08 10:55:51,749 Send trackingdata to orderId: 2474446160
2019-08-08 10:55:52,753 (1, orderItemId        2282759344
cancelRequest           False
orderId            2474446160
countryCode                NL
Courier                   GLS
track            352559702430
Name: 1, dtype: object)
2019-08-08 10:55:52,758 Send trackingdata to orderId: 2474446160
2019-08-08 10:55:53,763 (2, orderItemId        2282755881
cancelRequest           False
orderId            2462339840
countryCode                BE
Courier                DPD-BE
track            352559702454
Name: 2, dtype: object)
2019-08-08 10:55:53,768 Send trackingdata to orderId: 2462339840
2019-08-08 10:55:54,771 (3, orderItemId        2282722320
cancelRequest           False
orderId            2474313770
countryCode                BE
Courier                   GLS
track            352559702447
Name: 3, dtype: object)
2019-08-08 10:55:54,774 Send trackingdata to orderId: 2474313770
2019-08-08 10:55:55,779 (4, orderItemId        2282639548
cancelRequest           False
orderId            2474020360
countryCode                NL
Courier                DPD-NL
track            352559702478
Name: 4, dtype: object)
2019-08-08 10:55:55,784 Send trackingdata to orderId: 2474020360
2019-08-08 10:55:56,789 127.0.0.1 - - [08/Aug/2019 10:55:56] "GET /put HTTP/1.1" 200 -
2019-08-08 10:56:36,735  * Detected change in 'C:\\Users\\Mister Sandman\\Desktop\\Tasks\\bolcom track\\server\\api\\app.py', reloading
2019-08-08 10:56:36,796  * Restarting with stat
2019-08-08 10:56:37,775 Starting new HTTPS connection (1): login.bol.com:443
2019-08-08 10:56:38,025 https://login.bol.com:443 "POST /token?grant_type=client_credentials HTTP/1.1" 200 None
2019-08-08 10:56:38,027 [Success] Bearer token obtained
2019-08-08 10:56:40,853  * Detected change in 'C:\\Users\\Mister Sandman\\Desktop\\Tasks\\bolcom track\\server\\api\\app.py', reloading
2019-08-08 10:56:40,916  * Restarting with stat
2019-08-08 10:56:42,017 Starting new HTTPS connection (1): login.bol.com:443
2019-08-08 10:56:42,215 https://login.bol.com:443 "POST /token?grant_type=client_credentials HTTP/1.1" 200 None
2019-08-08 10:56:42,238 [Success] Bearer token obtained
2019-08-08 10:57:03,172  * Detected change in 'C:\\Users\\Mister Sandman\\Desktop\\Tasks\\bolcom track\\server\\api\\app.py', reloading
2019-08-08 10:57:03,233  * Restarting with stat
2019-08-08 10:57:04,258 Starting new HTTPS connection (1): login.bol.com:443
2019-08-08 10:57:04,448 https://login.bol.com:443 "POST /token?grant_type=client_credentials HTTP/1.1" 200 None
2019-08-08 10:57:04,453 [Success] Bearer token obtained
2019-08-08 10:57:13,896 Starting new HTTPS connection (1): login.bol.com:443
2019-08-08 10:57:14,081 https://login.bol.com:443 "POST /token?grant_type=client_credentials HTTP/1.1" 200 None
2019-08-08 10:57:14,083 [Success] Bearer token obtained
2019-08-08 10:57:14,648 Starting new HTTPS connection (1): login.bol.com:443
2019-08-08 10:57:14,870 https://login.bol.com:443 "POST /token?grant_type=client_credentials HTTP/1.1" 200 None
2019-08-08 10:57:14,875 [Success] Bearer token obtained
2019-08-08 10:57:18,461 [PUT] Adding transport information with
2019-08-08 10:57:18,461   orderItemId cancelRequest     orderId countryCode Courier         track
0  2282759344         False  2474446160          NL     GLS  352559702331
1  2282759344         False  2474446160          NL     GLS  352559702430
2  2282755881         False  2462339840          BE  DPD-BE  352559702454
3  2282722320         False  2474313770          BE     GLS  352559702447
4  2282639548         False  2474020360          NL  DPD-NL  352559702478
2019-08-08 10:57:18,479 (0, orderItemId        2282759344
cancelRequest           False
orderId            2474446160
countryCode                NL
Courier                   GLS
track            352559702331
Name: 0, dtype: object)
2019-08-08 10:57:18,481 Send trackingdata to orderId: 2474446160
2019-08-08 10:57:19,486 (1, orderItemId        2282759344
cancelRequest           False
orderId            2474446160
countryCode                NL
Courier                   GLS
track            352559702430
Name: 1, dtype: object)
2019-08-08 10:57:19,491 Send trackingdata to orderId: 2474446160
2019-08-08 10:57:20,496 (2, orderItemId        2282755881
cancelRequest           False
orderId            2462339840
countryCode                BE
Courier                DPD-BE
track            352559702454
Name: 2, dtype: object)
2019-08-08 10:57:20,501 Send trackingdata to orderId: 2462339840
2019-08-08 10:57:21,505 (3, orderItemId        2282722320
cancelRequest           False
orderId            2474313770
countryCode                BE
Courier                   GLS
track            352559702447
Name: 3, dtype: object)
2019-08-08 10:57:21,510 Send trackingdata to orderId: 2474313770
2019-08-08 10:57:22,515 (4, orderItemId        2282639548
cancelRequest           False
orderId            2474020360
countryCode                NL
Courier                DPD-NL
track            352559702478
Name: 4, dtype: object)
2019-08-08 10:57:22,520 Send trackingdata to orderId: 2474020360
2019-08-08 10:57:23,540 127.0.0.1 - - [08/Aug/2019 10:57:23] "GET /put HTTP/1.1" 200 -
2019-08-08 10:59:30,041  * Detected change in 'C:\\Users\\Mister Sandman\\Desktop\\Tasks\\bolcom track\\server\\api\\app.py', reloading
2019-08-08 10:59:30,105  * Restarting with stat
2019-08-08 10:59:31,174 Starting new HTTPS connection (1): login.bol.com:443
2019-08-08 10:59:31,459 https://login.bol.com:443 "POST /token?grant_type=client_credentials HTTP/1.1" 200 None
2019-08-08 10:59:31,465 [Success] Bearer token obtained
2019-08-08 10:59:40,728  * Detected change in 'C:\\Users\\Mister Sandman\\Desktop\\Tasks\\bolcom track\\server\\api\\app.py', reloading
2019-08-08 10:59:40,794  * Restarting with stat
2019-08-08 10:59:41,758 Starting new HTTPS connection (1): login.bol.com:443
2019-08-08 10:59:41,937 https://login.bol.com:443 "POST /token?grant_type=client_credentials HTTP/1.1" 200 None
2019-08-08 10:59:41,941 [Success] Bearer token obtained
2019-08-08 10:59:55,460  * Detected change in 'C:\\Users\\Mister Sandman\\Desktop\\Tasks\\bolcom track\\server\\api\\app.py', reloading
2019-08-08 10:59:55,521  * Restarting with stat
2019-08-08 10:59:56,497 Starting new HTTPS connection (1): login.bol.com:443
2019-08-08 10:59:56,920 https://login.bol.com:443 "POST /token?grant_type=client_credentials HTTP/1.1" 200 None
2019-08-08 10:59:56,922 [Success] Bearer token obtained
2019-08-08 10:59:58,490  * Detected change in 'C:\\Users\\Mister Sandman\\Desktop\\Tasks\\bolcom track\\server\\api\\app.py', reloading
2019-08-08 10:59:58,549  * Restarting with stat
2019-08-08 10:59:59,454 Starting new HTTPS connection (1): login.bol.com:443
2019-08-08 10:59:59,799 https://login.bol.com:443 "POST /token?grant_type=client_credentials HTTP/1.1" 200 None
2019-08-08 10:59:59,804 [Success] Bearer token obtained
2019-08-08 11:00:04,723  * Detected change in 'C:\\Users\\Mister Sandman\\Desktop\\Tasks\\bolcom track\\server\\api\\app.py', reloading
2019-08-08 11:00:04,784  * Restarting with stat
2019-08-08 11:00:05,739 Starting new HTTPS connection (1): login.bol.com:443
2019-08-08 11:00:05,937 https://login.bol.com:443 "POST /token?grant_type=client_credentials HTTP/1.1" 200 None
2019-08-08 11:00:05,944 [Success] Bearer token obtained
2019-08-08 11:00:17,563 [PUT] Adding transport information with
2019-08-08 11:00:17,563   orderItemId cancelRequest     orderId countryCode Courier         track
0  2282759344         False  2474446160          NL     GLS  352559702331
1  2282759344         False  2474446160          NL     GLS  352559702430
2  2282755881         False  2462339840          BE  DPD-BE  352559702454
3  2282722320         False  2474313770          BE     GLS  352559702447
4  2282639548         False  2474020360          NL  DPD-NL  352559702478
2019-08-08 11:00:17,575 (0, orderItemId        2282759344
cancelRequest           False
orderId            2474446160
countryCode                NL
Courier                   GLS
track            352559702331
Name: 0, dtype: object)
2019-08-08 11:00:17,577 Send trackingdata to orderId: 2474446160
2019-08-08 11:00:18,579 (1, orderItemId        2282759344
cancelRequest           False
orderId            2474446160
countryCode                NL
Courier                   GLS
track            352559702430
Name: 1, dtype: object)
2019-08-08 11:00:18,580 Send trackingdata to orderId: 2474446160
2019-08-08 11:00:19,581 (2, orderItemId        2282755881
cancelRequest           False
orderId            2462339840
countryCode                BE
Courier                DPD-BE
track            352559702454
Name: 2, dtype: object)
2019-08-08 11:00:19,582 Send trackingdata to orderId: 2462339840
2019-08-08 11:00:20,588 (3, orderItemId        2282722320
cancelRequest           False
orderId            2474313770
countryCode                BE
Courier                   GLS
track            352559702447
Name: 3, dtype: object)
2019-08-08 11:00:20,593 Send trackingdata to orderId: 2474313770
2019-08-08 11:00:21,597 (4, orderItemId        2282639548
cancelRequest           False
orderId            2474020360
countryCode                NL
Courier                DPD-NL
track            352559702478
Name: 4, dtype: object)
2019-08-08 11:00:21,602 Send trackingdata to orderId: 2474020360
2019-08-08 11:00:22,644 127.0.0.1 - - [08/Aug/2019 11:00:22] "GET /put HTTP/1.1" 200 -
2019-08-08 11:04:16,503 [PUT] Adding transport information with
2019-08-08 11:04:16,503   orderItemId cancelRequest     orderId countryCode Courier         track
0  2282759344         False  2474446160          NL     GLS  352559702331
1  2282759344         False  2474446160          NL     GLS  352559702430
2  2282755881         False  2462339840          BE  DPD-BE  352559702454
3  2282722320         False  2474313770          BE     GLS  352559702447
4  2282639548         False  2474020360          NL  DPD-NL  352559702478
2019-08-08 11:01:58,082  * Detected change in 'C:\\Users\\Mister Sandman\\Desktop\\Tasks\\bolcom track\\server\\api\\backend\\excelHandler.py', reloading
2019-08-08 11:04:31,327  * Restarting with stat
2019-08-08 11:04:33,180 Starting new HTTPS connection (1): login.bol.com:443
2019-08-08 11:04:33,958 Starting new HTTPS connection (1): login.bol.com:443
2019-08-08 11:04:34,163 https://login.bol.com:443 "POST /token?grant_type=client_credentials HTTP/1.1" 200 None
2019-08-08 11:04:34,186 [Success] Bearer token obtained
2019-08-08 11:04:36,496 https://login.bol.com:443 "POST /token?grant_type=client_credentials HTTP/1.1" 200 None
2019-08-08 11:04:36,521 [Success] Bearer token obtained
2019-08-08 11:04:38,771 127.0.0.1 - - [08/Aug/2019 11:04:38] "GET / HTTP/1.1" 200 -
2019-08-08 11:04:52,199 <generator object DataFrame.iterrows at 0x0DC761F0>
2019-08-08 11:04:55,820 Found 11 matching Ids
2019-08-08 11:04:55,824    orderItemId cancelRequest     orderId countryCode Courier         track
0   2282759344         False  2474446160          NL     GLS  352559702331
1   2282759344         False  2474446160          NL     GLS  352559702430
3   2282755881         False  2462339840          BE  DPD-BE  352559702454
8   2282722320         False  2474313770          BE     GLS  352559702447
20  2282639548         False  2474020360          NL  DPD-NL  352559702478
2019-08-08 11:04:55,849 127.0.0.1 - - [08/Aug/2019 11:04:55] "POST /uploader HTTP/1.1" 200 -
2019-08-08 11:06:55,711  * Detected change in 'C:\\Users\\Mister Sandman\\Desktop\\Tasks\\bolcom track\\server\\api\\app.py', reloading
2019-08-08 11:06:55,770  * Restarting with stat
2019-08-08 11:06:56,705 Starting new HTTPS connection (1): login.bol.com:443
2019-08-08 11:06:56,936 https://login.bol.com:443 "POST /token?grant_type=client_credentials HTTP/1.1" 200 None
2019-08-08 11:06:56,959 [Success] Bearer token obtained
2019-08-08 11:07:19,343 Starting new HTTPS connection (1): login.bol.com:443
2019-08-08 11:07:19,548 https://login.bol.com:443 "POST /token?grant_type=client_credentials HTTP/1.1" 200 None
2019-08-08 11:07:19,550 [Success] Bearer token obtained
2019-08-08 11:07:20,115 Starting new HTTPS connection (1): login.bol.com:443
2019-08-08 11:07:20,348 https://login.bol.com:443 "POST /token?grant_type=client_credentials HTTP/1.1" 200 None
2019-08-08 11:07:20,370 [Success] Bearer token obtained
2019-08-08 11:07:22,646 <generator object DataFrame.iterrows at 0x0DFE1170>
2019-08-08 11:07:26,312 Found 11 matching Ids
2019-08-08 11:07:26,315    orderItemId cancelRequest     orderId countryCode Courier         track
0   2282759344         False  2474446160          NL     GLS  352559702331
1   2282759344         False  2474446160          NL     GLS  352559702430
3   2282755881         False  2462339840          BE  DPD-BE  352559702454
8   2282722320         False  2474313770          BE     GLS  352559702447
20  2282639548         False  2474020360          NL  DPD-NL  352559702478
2019-08-08 11:07:26,347 127.0.0.1 - - [08/Aug/2019 11:07:26] "POST /uploader HTTP/1.1" 200 -
2019-08-08 11:07:28,654 [PUT] Adding transport information with
2019-08-08 11:07:28,654   orderItemId cancelRequest     orderId countryCode Courier         track
0  2282759344         False  2474446160          NL     GLS  352559702331
1  2282759344         False  2474446160          NL     GLS  352559702430
2  2282755881         False  2462339840          BE  DPD-BE  352559702454
3  2282722320         False  2474313770          BE     GLS  352559702447
4  2282639548         False  2474020360          NL  DPD-NL  352559702478
2019-08-08 11:07:28,664 (0, orderItemId        2282759344
cancelRequest           False
orderId            2474446160
countryCode                NL
Courier                   GLS
track            352559702331
Name: 0, dtype: object)
2019-08-08 11:07:28,666 Send trackingdata to orderId: 2474446160
2019-08-08 11:07:29,668 (1, orderItemId        2282759344
cancelRequest           False
orderId            2474446160
countryCode                NL
Courier                   GLS
track            352559702430
Name: 1, dtype: object)
2019-08-08 11:07:29,670 Send trackingdata to orderId: 2474446160
2019-08-08 11:07:30,672 (2, orderItemId        2282755881
cancelRequest           False
orderId            2462339840
countryCode                BE
Courier                DPD-BE
track            352559702454
Name: 2, dtype: object)
2019-08-08 11:07:30,673 Send trackingdata to orderId: 2462339840
2019-08-08 11:07:31,677 (3, orderItemId        2282722320
cancelRequest           False
orderId            2474313770
countryCode                BE
Courier                   GLS
track            352559702447
Name: 3, dtype: object)
2019-08-08 11:07:31,682 Send trackingdata to orderId: 2474313770
2019-08-08 11:07:32,687 (4, orderItemId        2282639548
cancelRequest           False
orderId            2474020360
countryCode                NL
Courier                DPD-NL
track            352559702478
Name: 4, dtype: object)
2019-08-08 11:07:32,691 Send trackingdata to orderId: 2474020360
2019-08-08 11:07:33,707 127.0.0.1 - - [08/Aug/2019 11:07:33] "GET /put HTTP/1.1" 200 -
2019-08-08 11:08:02,732  * Detected change in 'C:\\Users\\Mister Sandman\\Desktop\\Tasks\\bolcom track\\server\\api\\app.py', reloading
2019-08-08 11:09:02,168  * Restarting with stat
2019-08-08 11:09:03,112 Starting new HTTPS connection (1): login.bol.com:443
2019-08-08 11:09:03,309 https://login.bol.com:443 "POST /token?grant_type=client_credentials HTTP/1.1" 200 None
2019-08-08 11:09:03,312 [Success] Bearer token obtained
2019-08-08 11:28:35,261 Starting new HTTPS connection (1): login.bol.com:443
2019-08-08 11:28:35,269 Starting new HTTPS connection (1): login.bol.com:443
2019-08-08 11:28:35,581 https://login.bol.com:443 "POST /token?grant_type=client_credentials HTTP/1.1" 200 None
2019-08-08 11:28:35,584 https://login.bol.com:443 "POST /token?grant_type=client_credentials HTTP/1.1" 200 None
2019-08-08 11:28:35,586 [Success] Bearer token obtained
2019-08-08 11:28:35,601 127.0.0.1 - - [08/Aug/2019 11:28:35] "GET / HTTP/1.1" 200 -
2019-08-08 11:28:35,602 [Success] Bearer token obtained
2019-08-08 11:28:37,780 127.0.0.1 - - [08/Aug/2019 11:28:37] "GET /getMerged HTTP/1.1" 200 -
2019-08-08 11:28:39,882 127.0.0.1 - - [08/Aug/2019 11:28:39] "GET /getMerged HTTP/1.1" 200 -
2019-08-08 11:29:48,500  * Detected change in 'C:\\Users\\Mister Sandman\\Desktop\\Tasks\\bolcom track\\server\\api\\app.py', reloading
2019-08-08 11:29:48,563  * Restarting with stat
2019-08-08 11:29:56,406 Starting new HTTPS connection (1): login.bol.com:443
2019-08-08 11:29:56,701 https://login.bol.com:443 "POST /token?grant_type=client_credentials HTTP/1.1" 200 None
2019-08-08 11:29:56,741 [Success] Bearer token obtained
2019-08-08 11:29:57,099 Starting new HTTPS connection (1): login.bol.com:443
2019-08-08 11:29:57,324 https://login.bol.com:443 "POST /token?grant_type=client_credentials HTTP/1.1" 200 None
2019-08-08 11:29:57,325 [Success] Bearer token obtained
2019-08-08 11:29:58,998 127.0.0.1 - - [08/Aug/2019 11:29:58] "GET /getMerged HTTP/1.1" 200 -
2019-08-08 11:30:12,001  * Detected change in 'C:\\Users\\Mister Sandman\\Desktop\\Tasks\\bolcom track\\server\\api\\app.py', reloading
2019-08-08 11:30:12,062  * Restarting with stat
2019-08-08 11:30:13,106 Starting new HTTPS connection (1): login.bol.com:443
2019-08-08 11:30:13,297 https://login.bol.com:443 "POST /token?grant_type=client_credentials HTTP/1.1" 200 None
2019-08-08 11:30:13,299 [Success] Bearer token obtained
2019-08-08 11:30:16,115  * Detected change in 'C:\\Users\\Mister Sandman\\Desktop\\Tasks\\bolcom track\\server\\api\\app.py', reloading
2019-08-08 11:30:16,176  * Restarting with stat
2019-08-08 11:30:54,656 Starting new HTTPS connection (1): login.bol.com:443
2019-08-08 11:30:54,838 https://login.bol.com:443 "POST /token?grant_type=client_credentials HTTP/1.1" 200 None
2019-08-08 11:30:54,861 [Success] Bearer token obtained
2019-08-08 11:30:55,377 Starting new HTTPS connection (1): login.bol.com:443
2019-08-08 11:30:56,703 https://login.bol.com:443 "POST /token?grant_type=client_credentials HTTP/1.1" 200 None
2019-08-08 11:30:56,704 [Success] Bearer token obtained
2019-08-08 11:30:56,715 127.0.0.1 - - [08/Aug/2019 11:30:56] "GET /getMerged HTTP/1.1" 200 -
2019-08-08 11:31:34,768  * Detected change in 'C:\\Users\\Mister Sandman\\Desktop\\Tasks\\bolcom track\\server\\api\\app.py', reloading
2019-08-08 11:31:34,827  * Restarting with stat
2019-08-08 11:31:35,792 Starting new HTTPS connection (1): login.bol.com:443
2019-08-08 11:31:36,011 https://login.bol.com:443 "POST /token?grant_type=client_credentials HTTP/1.1" 200 None
2019-08-08 11:31:36,012 [Success] Bearer token obtained
2019-08-08 11:31:38,924  * Detected change in 'C:\\Users\\Mister Sandman\\Desktop\\Tasks\\bolcom track\\server\\api\\app.py', reloading
2019-08-08 11:31:38,983  * Restarting with stat
2019-08-08 11:31:39,957 Starting new HTTPS connection (1): login.bol.com:443
2019-08-08 11:31:40,163 https://login.bol.com:443 "POST /token?grant_type=client_credentials HTTP/1.1" 200 None
2019-08-08 11:31:40,165 [Success] Bearer token obtained
2019-08-08 11:32:07,713  * Detected change in 'C:\\Users\\Mister Sandman\\Desktop\\Tasks\\bolcom track\\server\\api\\backend\\BolHandler.py', reloading
2019-08-08 11:32:07,778  * Restarting with stat
2019-08-08 11:32:08,698 Starting new HTTPS connection (1): login.bol.com:443
2019-08-08 11:32:08,938 https://login.bol.com:443 "POST /token?grant_type=client_credentials HTTP/1.1" 200 None
2019-08-08 11:32:08,944 [Success] Bearer token obtained
2019-08-08 11:32:51,393  * Detected change in 'C:\\Users\\Mister Sandman\\Desktop\\Tasks\\bolcom track\\server\\api\\backend\\excelHandler.py', reloading
2019-08-08 11:32:51,451  * Restarting with stat
2019-08-08 11:32:52,442 Starting new HTTPS connection (1): login.bol.com:443
2019-08-08 11:32:52,619 https://login.bol.com:443 "POST /token?grant_type=client_credentials HTTP/1.1" 200 None
2019-08-08 11:32:52,624 [Success] Bearer token obtained
2019-08-08 11:33:06,149  * Detected change in 'C:\\Users\\Mister Sandman\\Desktop\\Tasks\\bolcom track\\server\\api\\backend\\excelHandler.py', reloading
2019-08-08 11:33:06,210  * Restarting with stat
2019-08-08 11:35:25,885 Starting new HTTPS connection (1): login.bol.com:443
2019-08-08 11:35:26,203 https://login.bol.com:443 "POST /token?grant_type=client_credentials HTTP/1.1" 200 None
2019-08-08 11:35:26,205 [Success] Bearer token obtained
2019-08-08 11:35:26,630 Starting new HTTPS connection (1): login.bol.com:443
2019-08-08 11:35:26,904 https://login.bol.com:443 "POST /token?grant_type=client_credentials HTTP/1.1" 200 None
2019-08-08 11:35:26,909 [Success] Bearer token obtained
2019-08-08 11:35:27,704 127.0.0.1 - - [08/Aug/2019 11:35:27] "GET /getMerged HTTP/1.1" 500 -
2019-08-08 11:35:27,947 127.0.0.1 - - [08/Aug/2019 11:35:27] "GET /getMerged?__debugger__=yes&cmd=resource&f=style.css HTTP/1.1" 200 -
2019-08-08 11:35:28,044 127.0.0.1 - - [08/Aug/2019 11:35:28] "GET /getMerged?__debugger__=yes&cmd=resource&f=debugger.js HTTP/1.1" 200 -
2019-08-08 11:35:28,092 127.0.0.1 - - [08/Aug/2019 11:35:28] "GET /getMerged?__debugger__=yes&cmd=resource&f=jquery.js HTTP/1.1" 200 -
2019-08-08 11:35:28,180 127.0.0.1 - - [08/Aug/2019 11:35:28] "GET /getMerged?__debugger__=yes&cmd=resource&f=console.png HTTP/1.1" 200 -
2019-08-08 11:35:28,516 127.0.0.1 - - [08/Aug/2019 11:35:28] "GET /getMerged?__debugger__=yes&cmd=resource&f=ubuntu.ttf HTTP/1.1" 200 -
2019-08-08 11:35:28,736 127.0.0.1 - - [08/Aug/2019 11:35:28] "GET /getMerged?__debugger__=yes&cmd=resource&f=console.png HTTP/1.1" 200 -
2019-08-08 11:35:38,281  * Detected change in 'C:\\Users\\Mister Sandman\\Desktop\\Tasks\\bolcom track\\server\\api\\app.py', reloading
2019-08-08 11:35:38,341  * Restarting with stat
2019-08-08 11:35:39,337 Starting new HTTPS connection (1): login.bol.com:443
2019-08-08 11:35:39,549 https://login.bol.com:443 "POST /token?grant_type=client_credentials HTTP/1.1" 200 None
2019-08-08 11:35:39,573 [Success] Bearer token obtained
2019-08-08 11:35:41,356 Starting new HTTPS connection (1): login.bol.com:443
2019-08-08 11:35:41,550 https://login.bol.com:443 "POST /token?grant_type=client_credentials HTTP/1.1" 200 None
2019-08-08 11:35:41,551 [Success] Bearer token obtained
2019-08-08 11:35:42,139 Starting new HTTPS connection (1): login.bol.com:443
2019-08-08 11:35:42,364 https://login.bol.com:443 "POST /token?grant_type=client_credentials HTTP/1.1" 200 None
2019-08-08 11:35:42,365 [Success] Bearer token obtained
2019-08-08 11:35:42,374 127.0.0.1 - - [08/Aug/2019 11:35:42] "GET /getMerged HTTP/1.1" 200 -
2019-08-08 11:35:52,842  * Detected change in 'C:\\Users\\Mister Sandman\\Desktop\\Tasks\\bolcom track\\server\\api\\backend\\excelHandler.py', reloading
2019-08-08 11:35:52,901  * Restarting with stat
2019-08-08 11:35:53,857 Starting new HTTPS connection (1): login.bol.com:443
2019-08-08 11:35:54,033 https://login.bol.com:443 "POST /token?grant_type=client_credentials HTTP/1.1" 200 None
2019-08-08 11:35:54,035 [Success] Bearer token obtained
2019-08-08 11:36:00,208  * Detected change in 'C:\\Users\\Mister Sandman\\Desktop\\Tasks\\bolcom track\\server\\api\\backend\\excelHandler.py', reloading
2019-08-08 11:36:00,271  * Restarting with stat
2019-08-08 11:36:01,239 Starting new HTTPS connection (1): login.bol.com:443
2019-08-08 11:36:01,429 https://login.bol.com:443 "POST /token?grant_type=client_credentials HTTP/1.1" 200 None
2019-08-08 11:36:01,435 [Success] Bearer token obtained
2019-08-08 11:36:58,835  * Detected change in 'C:\\Users\\Mister Sandman\\Desktop\\Tasks\\bolcom track\\server\\api\\backend\\excelHandler.py', reloading
2019-08-08 11:36:58,895  * Restarting with stat
2019-08-08 11:36:59,815 Starting new HTTPS connection (1): login.bol.com:443
2019-08-08 11:37:00,073 https://login.bol.com:443 "POST /token?grant_type=client_credentials HTTP/1.1" 200 None
2019-08-08 11:37:00,076 [Success] Bearer token obtained
2019-08-08 11:37:19,056  * Detected change in 'C:\\Users\\Mister Sandman\\Desktop\\Tasks\\bolcom track\\server\\api\\backend\\excelHandler.py', reloading
2019-08-08 11:37:19,113  * Restarting with stat
2019-08-08 11:42:46,111 Starting new HTTPS connection (1): login.bol.com:443
2019-08-08 11:42:46,377 https://login.bol.com:443 "POST /token?grant_type=client_credentials HTTP/1.1" 200 None
2019-08-08 11:42:46,378 [Success] Bearer token obtained
2019-08-08 11:42:46,825 Starting new HTTPS connection (1): login.bol.com:443
2019-08-08 11:42:47,059 https://login.bol.com:443 "POST /token?grant_type=client_credentials HTTP/1.1" 200 None
2019-08-08 11:42:47,065 [Success] Bearer token obtained
2019-08-08 11:42:48,923 127.0.0.1 - - [08/Aug/2019 11:42:48] "GET / HTTP/1.1" 200 -
2019-08-08 11:42:54,642 <generator object DataFrame.iterrows at 0x0E2F7230>
2019-08-08 11:42:58,184 Found 11 matching Ids
2019-08-08 11:42:58,187    orderItemId cancelRequest     orderId countryCode Courier         track
0   2282759344         False  2474446160          NL     GLS  352559702331
1   2282759344         False  2474446160          NL     GLS  352559702430
3   2282755881         False  2462339840          BE  DPD-BE  352559702454
8   2282722320         False  2474313770          BE     GLS  352559702447
20  2282639548         False  2474020360          NL  DPD-NL  352559702478
2019-08-08 11:42:58,212 127.0.0.1 - - [08/Aug/2019 11:42:58] "POST /uploader HTTP/1.1" 200 -
2019-08-08 11:43:57,018  * Detected change in 'C:\\Users\\Mister Sandman\\Desktop\\Tasks\\bolcom track\\server\\api\\backend\\BolHandler.py', reloading
2019-08-08 11:43:57,080  * Restarting with stat
2019-08-08 11:43:58,127 Starting new HTTPS connection (1): login.bol.com:443
2019-08-08 11:43:59,440 https://login.bol.com:443 "POST /token?grant_type=client_credentials HTTP/1.1" 200 None
2019-08-08 11:43:59,446 [Success] Bearer token obtained
2019-08-08 11:44:27,104 127.0.0.1 - - [08/Aug/2019 11:44:27] "GET /getMerged HTTP/1.1" 200 -
2019-08-08 11:45:01,064  * Detected change in 'C:\\Users\\Mister Sandman\\Desktop\\Tasks\\bolcom track\\server\\api\\app.py', reloading
2019-08-08 11:45:01,123  * Restarting with stat
2019-08-08 11:45:02,044 Starting new HTTPS connection (1): login.bol.com:443
2019-08-08 11:45:02,358 https://login.bol.com:443 "POST /token?grant_type=client_credentials HTTP/1.1" 200 None
2019-08-08 11:45:02,363 [Success] Bearer token obtained
2019-08-08 11:45:13,731  * Detected change in 'C:\\Users\\Mister Sandman\\Desktop\\Tasks\\bolcom track\\server\\api\\app.py', reloading
2019-08-08 11:45:13,794  * Restarting with stat
2019-08-08 11:48:10,329 Starting new HTTPS connection (1): login.bol.com:443
2019-08-08 11:48:10,673 https://login.bol.com:443 "POST /token?grant_type=client_credentials HTTP/1.1" 200 None
2019-08-08 11:48:10,675 [Success] Bearer token obtained
2019-08-08 11:48:11,082 Starting new HTTPS connection (1): login.bol.com:443
2019-08-08 11:48:11,269 https://login.bol.com:443 "POST /token?grant_type=client_credentials HTTP/1.1" 200 None
2019-08-08 11:48:11,274 [Success] Bearer token obtained
2019-08-08 11:48:18,086 <generator object DataFrame.iterrows at 0x0E4EB1F0>
2019-08-08 11:48:21,685 Found 11 matching Ids
2019-08-08 11:48:21,689    orderItemId cancelRequest     orderId countryCode Courier         track
0   2282759344         False  2474446160          NL     GLS  352559702331
1   2282759344         False  2474446160          NL     GLS  352559702430
3   2282755881         False  2462339840          BE  DPD-BE  352559702454
8   2282722320         False  2474313770          BE     GLS  352559702447
20  2282639548         False  2474020360          NL  DPD-NL  352559702478
2019-08-08 11:48:21,720 127.0.0.1 - - [08/Aug/2019 11:48:21] "POST /uploader HTTP/1.1" 200 -
